<?xml version="1.0" encoding="UTF-8"?>
<testsuite name="com.pibbletv.user_service.UserServiceApplicationTests" tests="1" skipped="0" failures="0" errors="0" timestamp="2025-03-23T22:25:34.605Z" hostname="DESKTOP-R8EJDPF" time="0.506">
  <properties/>
  <testcase name="contextLoads()" classname="com.pibbletv.user_service.UserServiceApplicationTests" time="0.506"/>
  <system-out><![CDATA[23:25:27.658 [Test worker] INFO org.springframework.test.context.support.AnnotationConfigContextLoaderUtils -- Could not detect default configuration classes for test class [com.pibbletv.user_service.UserServiceApplicationTests]: UserServiceApplicationTests does not declare any static, non-private, non-final, nested classes annotated with @Configuration.
23:25:27.807 [Test worker] INFO org.springframework.boot.test.context.SpringBootTestContextBootstrapper -- Found @SpringBootConfiguration com.pibbletv.user_service.UserServiceApplication for test class com.pibbletv.user_service.UserServiceApplicationTests

  .   ____          _            __ _ _
 /\\ / ___'_ __ _ _(_)_ __  __ _ \ \ \ \
( ( )\___ | '_ | '_| | '_ \/ _` | \ \ \ \
 \\/  ___)| |_)| | | | | || (_| |  ) ) ) )
  '  |____| .__|_| |_|_| |_\__, | / / / /
 =========|_|==============|___/=/_/_/_/

 :: Spring Boot ::                (v3.4.4)

2025-03-23T23:25:28.668+01:00  INFO 8688 --- [user_service] [    Test worker] c.p.u.UserServiceApplicationTests        : Starting UserServiceApplicationTests using Java 17.0.12 with PID 8688 (started by hrist in D:\Individual Assignment\PibbleTV-Backend\pibbletv\user_service)
2025-03-23T23:25:28.670+01:00  INFO 8688 --- [user_service] [    Test worker] c.p.u.UserServiceApplicationTests        : No active profile set, falling back to 1 default profile: "default"
2025-03-23T23:25:29.562+01:00  INFO 8688 --- [user_service] [    Test worker] .s.d.r.c.RepositoryConfigurationDelegate : Bootstrapping Spring Data JPA repositories in DEFAULT mode.
2025-03-23T23:25:29.745+01:00  INFO 8688 --- [user_service] [    Test worker] .s.d.r.c.RepositoryConfigurationDelegate : Finished Spring Data repository scanning in 171 ms. Found 1 JPA repository interface.
2025-03-23T23:25:29.988+01:00  INFO 8688 --- [user_service] [    Test worker] o.s.cloud.context.scope.GenericScope     : BeanFactory id=97a3951f-d501-3512-9abb-a01880e59cef
2025-03-23T23:25:30.394+01:00  INFO 8688 --- [user_service] [    Test worker] o.hibernate.jpa.internal.util.LogHelper  : HHH000204: Processing PersistenceUnitInfo [name: default]
2025-03-23T23:25:30.461+01:00  INFO 8688 --- [user_service] [    Test worker] org.hibernate.Version                    : HHH000412: Hibernate ORM core version 6.6.11.Final
2025-03-23T23:25:30.518+01:00  INFO 8688 --- [user_service] [    Test worker] o.h.c.internal.RegionFactoryInitiator    : HHH000026: Second-level cache disabled
2025-03-23T23:25:30.892+01:00  INFO 8688 --- [user_service] [    Test worker] o.s.o.j.p.SpringPersistenceUnitInfo      : No LoadTimeWeaver setup: ignoring JPA class transformer
2025-03-23T23:25:30.926+01:00  INFO 8688 --- [user_service] [    Test worker] com.zaxxer.hikari.HikariDataSource       : HikariPool-1 - Starting...
2025-03-23T23:25:31.301+01:00  INFO 8688 --- [user_service] [    Test worker] com.zaxxer.hikari.pool.HikariPool        : HikariPool-1 - Added connection com.mysql.cj.jdbc.ConnectionImpl@1f19d423
2025-03-23T23:25:31.305+01:00  INFO 8688 --- [user_service] [    Test worker] com.zaxxer.hikari.HikariDataSource       : HikariPool-1 - Start completed.
2025-03-23T23:25:31.375+01:00  WARN 8688 --- [user_service] [    Test worker] org.hibernate.orm.deprecation            : HHH90000025: MySQLDialect does not need to be specified explicitly using 'hibernate.dialect' (remove the property setting and it will be selected by default)
2025-03-23T23:25:31.402+01:00  INFO 8688 --- [user_service] [    Test worker] org.hibernate.orm.connections.pooling    : HHH10001005: Database info:
	Database JDBC URL [Connecting through datasource 'HikariDataSource (HikariPool-1)']
	Database driver: undefined/unknown
	Database version: 9.2
	Autocommit mode: undefined/unknown
	Isolation level: undefined/unknown
	Minimum pool size: undefined/unknown
	Maximum pool size: undefined/unknown
2025-03-23T23:25:32.395+01:00  INFO 8688 --- [user_service] [    Test worker] o.h.e.t.j.p.i.JtaPlatformInitiator       : HHH000489: No JTA platform available (set 'hibernate.transaction.jta.platform' to enable JTA platform integration)
2025-03-23T23:25:32.443+01:00  INFO 8688 --- [user_service] [    Test worker] j.LocalContainerEntityManagerFactoryBean : Initialized JPA EntityManagerFactory for persistence unit 'default'
2025-03-23T23:25:32.921+01:00  WARN 8688 --- [user_service] [    Test worker] JpaBaseConfiguration$JpaWebConfiguration : spring.jpa.open-in-view is enabled by default. Therefore, database queries may be performed during view rendering. Explicitly configure spring.jpa.open-in-view to disable this warning
2025-03-23T23:25:33.892+01:00  INFO 8688 --- [user_service] [    Test worker] DiscoveryClientOptionalArgsConfiguration : Eureka HTTP Client uses RestTemplate.
2025-03-23T23:25:33.951+01:00  WARN 8688 --- [user_service] [    Test worker] iguration$LoadBalancerCaffeineWarnLogger : Spring Cloud LoadBalancer is currently working with the default cache. While this cache implementation is useful for development and tests, it's recommended to use Caffeine cache in production.You can switch to using Caffeine cache, by adding it and org.springframework.cache.caffeine.CaffeineCacheManager to the classpath.
2025-03-23T23:25:33.987+01:00  INFO 8688 --- [user_service] [    Test worker] o.s.c.n.eureka.InstanceInfoFactory       : Setting initial instance status as: STARTING
2025-03-23T23:25:34.021+01:00  INFO 8688 --- [user_service] [    Test worker] com.netflix.discovery.DiscoveryClient    : Initializing Eureka in region us-east-1
2025-03-23T23:25:34.025+01:00  INFO 8688 --- [user_service] [    Test worker] c.n.d.s.r.aws.ConfigClusterResolver      : Resolving eureka endpoints via configuration
2025-03-23T23:25:34.042+01:00  INFO 8688 --- [user_service] [    Test worker] com.netflix.discovery.DiscoveryClient    : Disable delta property : false
2025-03-23T23:25:34.043+01:00  INFO 8688 --- [user_service] [    Test worker] com.netflix.discovery.DiscoveryClient    : Single vip registry refresh property : null
2025-03-23T23:25:34.043+01:00  INFO 8688 --- [user_service] [    Test worker] com.netflix.discovery.DiscoveryClient    : Force full registry fetch : false
2025-03-23T23:25:34.043+01:00  INFO 8688 --- [user_service] [    Test worker] com.netflix.discovery.DiscoveryClient    : Application is null : false
2025-03-23T23:25:34.043+01:00  INFO 8688 --- [user_service] [    Test worker] com.netflix.discovery.DiscoveryClient    : Registered Applications size is zero : true
2025-03-23T23:25:34.043+01:00  INFO 8688 --- [user_service] [    Test worker] com.netflix.discovery.DiscoveryClient    : Application version is -1: true
2025-03-23T23:25:34.043+01:00  INFO 8688 --- [user_service] [    Test worker] com.netflix.discovery.DiscoveryClient    : Getting all instance registry info from the eureka server
2025-03-23T23:25:34.539+01:00  INFO 8688 --- [user_service] [    Test worker] com.netflix.discovery.DiscoveryClient    : The response status is 200
2025-03-23T23:25:34.540+01:00  INFO 8688 --- [user_service] [    Test worker] com.netflix.discovery.DiscoveryClient    : Starting heartbeat executor: renew interval is: 30
2025-03-23T23:25:34.542+01:00  INFO 8688 --- [user_service] [    Test worker] c.n.discovery.InstanceInfoReplicator     : InstanceInfoReplicator onDemand update allowed rate per min is 4
2025-03-23T23:25:34.545+01:00  INFO 8688 --- [user_service] [    Test worker] com.netflix.discovery.DiscoveryClient    : Discovery Client initialized at timestamp 1742768734544 with initial instances count: 0
2025-03-23T23:25:34.548+01:00  INFO 8688 --- [user_service] [    Test worker] o.s.c.n.e.s.EurekaServiceRegistry        : Registering application USER_SERVICE with eureka with status UP
2025-03-23T23:25:34.549+01:00  INFO 8688 --- [user_service] [    Test worker] com.netflix.discovery.DiscoveryClient    : Saw local status change event StatusChangeEvent [timestamp=1742768734549, current=UP, previous=STARTING]
2025-03-23T23:25:34.552+01:00  INFO 8688 --- [user_service] [foReplicator-%d] com.netflix.discovery.DiscoveryClient    : DiscoveryClient_USER_SERVICE/host.docker.internal:user_service:8081: registering service...
2025-03-23T23:25:34.574+01:00  INFO 8688 --- [user_service] [    Test worker] c.p.u.UserServiceApplicationTests        : Started UserServiceApplicationTests in 6.41 seconds (process running for 7.973)
2025-03-23T23:25:34.617+01:00  INFO 8688 --- [user_service] [foReplicator-%d] com.netflix.discovery.DiscoveryClient    : DiscoveryClient_USER_SERVICE/host.docker.internal:user_service:8081 - registration status: 204
]]></system-out>
  <system-err><![CDATA[]]></system-err>
</testsuite>
