<?xml version="1.0" encoding="UTF-8"?>
<testsuite name="com.pibbletv.user_service.UserServiceApplicationTests" tests="1" skipped="0" failures="0" errors="0" timestamp="2025-03-25T14:48:20.843Z" hostname="DESKTOP-R8EJDPF" time="0.489">
  <properties/>
  <testcase name="contextLoads()" classname="com.pibbletv.user_service.UserServiceApplicationTests" time="0.489"/>
  <system-out><![CDATA[15:48:14.313 [Test worker] INFO org.springframework.test.context.support.AnnotationConfigContextLoaderUtils -- Could not detect default configuration classes for test class [com.pibbletv.user_service.UserServiceApplicationTests]: UserServiceApplicationTests does not declare any static, non-private, non-final, nested classes annotated with @Configuration.
15:48:14.498 [Test worker] INFO org.springframework.boot.test.context.SpringBootTestContextBootstrapper -- Found @SpringBootConfiguration com.pibbletv.user_service.UserServiceApplication for test class com.pibbletv.user_service.UserServiceApplicationTests

  .   ____          _            __ _ _
 /\\ / ___'_ __ _ _(_)_ __  __ _ \ \ \ \
( ( )\___ | '_ | '_| | '_ \/ _` | \ \ \ \
 \\/  ___)| |_)| | | | | || (_| |  ) ) ) )
  '  |____| .__|_| |_|_| |_\__, | / / / /
 =========|_|==============|___/=/_/_/_/

 :: Spring Boot ::                (v3.4.4)

2025-03-25T15:48:15.319+01:00  INFO 8816 --- [user-service] [    Test worker] c.p.u.UserServiceApplicationTests        : Starting UserServiceApplicationTests using Java 17.0.12 with PID 8816 (started by hrist in D:\Individual Assignment\PibbleTV-Backend\user_service)
2025-03-25T15:48:15.321+01:00  INFO 8816 --- [user-service] [    Test worker] c.p.u.UserServiceApplicationTests        : No active profile set, falling back to 1 default profile: "default"
2025-03-25T15:48:16.217+01:00  INFO 8816 --- [user-service] [    Test worker] .s.d.r.c.RepositoryConfigurationDelegate : Bootstrapping Spring Data JPA repositories in DEFAULT mode.
2025-03-25T15:48:16.387+01:00  INFO 8816 --- [user-service] [    Test worker] .s.d.r.c.RepositoryConfigurationDelegate : Finished Spring Data repository scanning in 156 ms. Found 1 JPA repository interface.
2025-03-25T15:48:16.625+01:00  INFO 8816 --- [user-service] [    Test worker] o.s.cloud.context.scope.GenericScope     : BeanFactory id=97a3951f-d501-3512-9abb-a01880e59cef
2025-03-25T15:48:16.994+01:00  INFO 8816 --- [user-service] [    Test worker] o.hibernate.jpa.internal.util.LogHelper  : HHH000204: Processing PersistenceUnitInfo [name: default]
2025-03-25T15:48:17.075+01:00  INFO 8816 --- [user-service] [    Test worker] org.hibernate.Version                    : HHH000412: Hibernate ORM core version 6.6.11.Final
2025-03-25T15:48:17.124+01:00  INFO 8816 --- [user-service] [    Test worker] o.h.c.internal.RegionFactoryInitiator    : HHH000026: Second-level cache disabled
2025-03-25T15:48:17.481+01:00  INFO 8816 --- [user-service] [    Test worker] o.s.o.j.p.SpringPersistenceUnitInfo      : No LoadTimeWeaver setup: ignoring JPA class transformer
2025-03-25T15:48:17.511+01:00  INFO 8816 --- [user-service] [    Test worker] com.zaxxer.hikari.HikariDataSource       : HikariPool-1 - Starting...
2025-03-25T15:48:17.846+01:00  INFO 8816 --- [user-service] [    Test worker] com.zaxxer.hikari.pool.HikariPool        : HikariPool-1 - Added connection com.mysql.cj.jdbc.ConnectionImpl@43090195
2025-03-25T15:48:17.849+01:00  INFO 8816 --- [user-service] [    Test worker] com.zaxxer.hikari.HikariDataSource       : HikariPool-1 - Start completed.
2025-03-25T15:48:17.911+01:00  WARN 8816 --- [user-service] [    Test worker] org.hibernate.orm.deprecation            : HHH90000025: MySQLDialect does not need to be specified explicitly using 'hibernate.dialect' (remove the property setting and it will be selected by default)
2025-03-25T15:48:17.940+01:00  INFO 8816 --- [user-service] [    Test worker] org.hibernate.orm.connections.pooling    : HHH10001005: Database info:
	Database JDBC URL [Connecting through datasource 'HikariDataSource (HikariPool-1)']
	Database driver: undefined/unknown
	Database version: 8.4.4
	Autocommit mode: undefined/unknown
	Isolation level: undefined/unknown
	Minimum pool size: undefined/unknown
	Maximum pool size: undefined/unknown
2025-03-25T15:48:18.868+01:00  INFO 8816 --- [user-service] [    Test worker] o.h.e.t.j.p.i.JtaPlatformInitiator       : HHH000489: No JTA platform available (set 'hibernate.transaction.jta.platform' to enable JTA platform integration)
2025-03-25T15:48:18.919+01:00  INFO 8816 --- [user-service] [    Test worker] j.LocalContainerEntityManagerFactoryBean : Initialized JPA EntityManagerFactory for persistence unit 'default'
2025-03-25T15:48:19.331+01:00  WARN 8816 --- [user-service] [    Test worker] JpaBaseConfiguration$JpaWebConfiguration : spring.jpa.open-in-view is enabled by default. Therefore, database queries may be performed during view rendering. Explicitly configure spring.jpa.open-in-view to disable this warning
2025-03-25T15:48:20.278+01:00  INFO 8816 --- [user-service] [    Test worker] DiscoveryClientOptionalArgsConfiguration : Eureka HTTP Client uses RestTemplate.
2025-03-25T15:48:20.329+01:00  WARN 8816 --- [user-service] [    Test worker] iguration$LoadBalancerCaffeineWarnLogger : Spring Cloud LoadBalancer is currently working with the default cache. While this cache implementation is useful for development and tests, it's recommended to use Caffeine cache in production.You can switch to using Caffeine cache, by adding it and org.springframework.cache.caffeine.CaffeineCacheManager to the classpath.
2025-03-25T15:48:20.356+01:00  INFO 8816 --- [user-service] [    Test worker] o.s.c.n.eureka.InstanceInfoFactory       : Setting initial instance status as: STARTING
2025-03-25T15:48:20.403+01:00  INFO 8816 --- [user-service] [    Test worker] com.netflix.discovery.DiscoveryClient    : Initializing Eureka in region us-east-1
2025-03-25T15:48:20.409+01:00  INFO 8816 --- [user-service] [    Test worker] c.n.d.s.r.aws.ConfigClusterResolver      : Resolving eureka endpoints via configuration
2025-03-25T15:48:20.424+01:00  INFO 8816 --- [user-service] [    Test worker] com.netflix.discovery.DiscoveryClient    : Disable delta property : false
2025-03-25T15:48:20.425+01:00  INFO 8816 --- [user-service] [    Test worker] com.netflix.discovery.DiscoveryClient    : Single vip registry refresh property : null
2025-03-25T15:48:20.425+01:00  INFO 8816 --- [user-service] [    Test worker] com.netflix.discovery.DiscoveryClient    : Force full registry fetch : false
2025-03-25T15:48:20.425+01:00  INFO 8816 --- [user-service] [    Test worker] com.netflix.discovery.DiscoveryClient    : Application is null : false
2025-03-25T15:48:20.425+01:00  INFO 8816 --- [user-service] [    Test worker] com.netflix.discovery.DiscoveryClient    : Registered Applications size is zero : true
2025-03-25T15:48:20.425+01:00  INFO 8816 --- [user-service] [    Test worker] com.netflix.discovery.DiscoveryClient    : Application version is -1: true
2025-03-25T15:48:20.425+01:00  INFO 8816 --- [user-service] [    Test worker] com.netflix.discovery.DiscoveryClient    : Getting all instance registry info from the eureka server
2025-03-25T15:48:20.777+01:00  INFO 8816 --- [user-service] [    Test worker] com.netflix.discovery.DiscoveryClient    : The response status is 200
2025-03-25T15:48:20.782+01:00  INFO 8816 --- [user-service] [    Test worker] com.netflix.discovery.DiscoveryClient    : Starting heartbeat executor: renew interval is: 30
2025-03-25T15:48:20.783+01:00  INFO 8816 --- [user-service] [    Test worker] c.n.discovery.InstanceInfoReplicator     : InstanceInfoReplicator onDemand update allowed rate per min is 4
2025-03-25T15:48:20.785+01:00  INFO 8816 --- [user-service] [    Test worker] com.netflix.discovery.DiscoveryClient    : Discovery Client initialized at timestamp 1742914100784 with initial instances count: 0
2025-03-25T15:48:20.791+01:00  INFO 8816 --- [user-service] [    Test worker] o.s.c.n.e.s.EurekaServiceRegistry        : Registering application USER-SERVICE with eureka with status UP
2025-03-25T15:48:20.792+01:00  INFO 8816 --- [user-service] [    Test worker] com.netflix.discovery.DiscoveryClient    : Saw local status change event StatusChangeEvent [timestamp=1742914100792, current=UP, previous=STARTING]
2025-03-25T15:48:20.794+01:00  INFO 8816 --- [user-service] [foReplicator-%d] com.netflix.discovery.DiscoveryClient    : DiscoveryClient_USER-SERVICE/host.docker.internal:user-service:8081: registering service...
2025-03-25T15:48:20.821+01:00  INFO 8816 --- [user-service] [    Test worker] c.p.u.UserServiceApplicationTests        : Started UserServiceApplicationTests in 5.989 seconds (process running for 7.556)
2025-03-25T15:48:20.858+01:00  INFO 8816 --- [user-service] [foReplicator-%d] com.netflix.discovery.DiscoveryClient    : DiscoveryClient_USER-SERVICE/host.docker.internal:user-service:8081 - registration status: 204
]]></system-out>
  <system-err><![CDATA[]]></system-err>
</testsuite>
