<?xml version="1.0" encoding="UTF-8"?>
<testsuite name="com.pibbletv.user_service.UserServiceApplicationTests" tests="1" skipped="0" failures="0" errors="0" timestamp="2025-04-01T19:18:15.510Z" hostname="DESKTOP-R8EJDPF" time="0.782">
  <properties/>
  <testcase name="contextLoads()" classname="com.pibbletv.user_service.UserServiceApplicationTests" time="0.782"/>
  <system-out><![CDATA[21:18:10.869 [Test worker] INFO org.springframework.test.context.support.AnnotationConfigContextLoaderUtils -- Could not detect default configuration classes for test class [com.pibbletv.user_service.UserServiceApplicationTests]: UserServiceApplicationTests does not declare any static, non-private, non-final, nested classes annotated with @Configuration.
21:18:11.031 [Test worker] INFO org.springframework.boot.test.context.SpringBootTestContextBootstrapper -- Found @SpringBootConfiguration com.pibbletv.user_service.UserServiceApplication for test class com.pibbletv.user_service.UserServiceApplicationTests

  .   ____          _            __ _ _
 /\\ / ___'_ __ _ _(_)_ __  __ _ \ \ \ \
( ( )\___ | '_ | '_| | '_ \/ _` | \ \ \ \
 \\/  ___)| |_)| | | | | || (_| |  ) ) ) )
  '  |____| .__|_| |_|_| |_\__, | / / / /
 =========|_|==============|___/=/_/_/_/

 :: Spring Boot ::                (v3.4.4)

2025-04-01T21:18:11.841+02:00  INFO 8952 --- [user-service] [    Test worker] c.p.u.UserServiceApplicationTests        : Starting UserServiceApplicationTests using Java 17.0.12 with PID 8952 (started by hrist in D:\Individual Assignment\PibbleTV-Backend\user_service)
2025-04-01T21:18:11.844+02:00  INFO 8952 --- [user-service] [    Test worker] c.p.u.UserServiceApplicationTests        : No active profile set, falling back to 1 default profile: "default"
2025-04-01T21:18:12.645+02:00  INFO 8952 --- [user-service] [    Test worker] .s.d.r.c.RepositoryConfigurationDelegate : Bootstrapping Spring Data R2DBC repositories in DEFAULT mode.
2025-04-01T21:18:12.812+02:00  INFO 8952 --- [user-service] [    Test worker] .s.d.r.c.RepositoryConfigurationDelegate : Finished Spring Data repository scanning in 141 ms. Found 1 R2DBC repository interface.
2025-04-01T21:18:13.055+02:00  INFO 8952 --- [user-service] [    Test worker] o.s.cloud.context.scope.GenericScope     : BeanFactory id=1e6f9ef4-6ed6-3669-820f-39d6b480d18c
2025-04-01T21:18:14.648+02:00  INFO 8952 --- [user-service] [    Test worker] DiscoveryClientOptionalArgsConfiguration : Eureka HTTP Client uses RestTemplate.
2025-04-01T21:18:14.827+02:00  WARN 8952 --- [user-service] [    Test worker] iguration$LoadBalancerCaffeineWarnLogger : Spring Cloud LoadBalancer is currently working with the default cache. While this cache implementation is useful for development and tests, it's recommended to use Caffeine cache in production.You can switch to using Caffeine cache, by adding it and org.springframework.cache.caffeine.CaffeineCacheManager to the classpath.
2025-04-01T21:18:14.915+02:00  INFO 8952 --- [user-service] [    Test worker] o.s.c.n.eureka.InstanceInfoFactory       : Setting initial instance status as: STARTING
2025-04-01T21:18:14.951+02:00  INFO 8952 --- [user-service] [    Test worker] com.netflix.discovery.DiscoveryClient    : Initializing Eureka in region us-east-1
2025-04-01T21:18:14.956+02:00  INFO 8952 --- [user-service] [    Test worker] c.n.d.s.r.aws.ConfigClusterResolver      : Resolving eureka endpoints via configuration
2025-04-01T21:18:14.968+02:00  INFO 8952 --- [user-service] [    Test worker] com.netflix.discovery.DiscoveryClient    : Disable delta property : false
2025-04-01T21:18:14.969+02:00  INFO 8952 --- [user-service] [    Test worker] com.netflix.discovery.DiscoveryClient    : Single vip registry refresh property : null
2025-04-01T21:18:14.969+02:00  INFO 8952 --- [user-service] [    Test worker] com.netflix.discovery.DiscoveryClient    : Force full registry fetch : false
2025-04-01T21:18:14.969+02:00  INFO 8952 --- [user-service] [    Test worker] com.netflix.discovery.DiscoveryClient    : Application is null : false
2025-04-01T21:18:14.969+02:00  INFO 8952 --- [user-service] [    Test worker] com.netflix.discovery.DiscoveryClient    : Registered Applications size is zero : true
2025-04-01T21:18:14.969+02:00  INFO 8952 --- [user-service] [    Test worker] com.netflix.discovery.DiscoveryClient    : Application version is -1: true
2025-04-01T21:18:14.969+02:00  INFO 8952 --- [user-service] [    Test worker] com.netflix.discovery.DiscoveryClient    : Getting all instance registry info from the eureka server
2025-04-01T21:18:15.467+02:00  INFO 8952 --- [user-service] [    Test worker] com.netflix.discovery.DiscoveryClient    : The response status is 200
2025-04-01T21:18:15.469+02:00  INFO 8952 --- [user-service] [    Test worker] com.netflix.discovery.DiscoveryClient    : Starting heartbeat executor: renew interval is: 30
2025-04-01T21:18:15.471+02:00  INFO 8952 --- [user-service] [    Test worker] c.n.discovery.InstanceInfoReplicator     : InstanceInfoReplicator onDemand update allowed rate per min is 4
2025-04-01T21:18:15.473+02:00  INFO 8952 --- [user-service] [    Test worker] com.netflix.discovery.DiscoveryClient    : Discovery Client initialized at timestamp 1743535095473 with initial instances count: 0
2025-04-01T21:18:15.477+02:00  INFO 8952 --- [user-service] [    Test worker] o.s.c.n.e.s.EurekaServiceRegistry        : Registering application USER-SERVICE with eureka with status UP
2025-04-01T21:18:15.478+02:00  INFO 8952 --- [user-service] [    Test worker] com.netflix.discovery.DiscoveryClient    : Saw local status change event StatusChangeEvent [timestamp=1743535095478, current=UP, previous=STARTING]
2025-04-01T21:18:15.481+02:00  INFO 8952 --- [user-service] [foReplicator-%d] com.netflix.discovery.DiscoveryClient    : DiscoveryClient_USER-SERVICE/host.docker.internal:user-service:8081: registering service...
2025-04-01T21:18:15.502+02:00  INFO 8952 --- [user-service] [    Test worker] c.p.u.UserServiceApplicationTests        : Started UserServiceApplicationTests in 4.136 seconds (process running for 5.693)
2025-04-01T21:18:15.544+02:00  INFO 8952 --- [user-service] [foReplicator-%d] com.netflix.discovery.DiscoveryClient    : DiscoveryClient_USER-SERVICE/host.docker.internal:user-service:8081 - registration status: 204
]]></system-out>
  <system-err><![CDATA[]]></system-err>
</testsuite>
